<?xml version="1.0" encoding="UTF-8"?>
<!-- Generated by org.testng.reporters.JUnitReportReporter -->
<testsuite skipped="0" hostname="DESKTOP-F6J9ALJ" name="demo.automationtesting.in.pages.DemoWebsite" tests="1" failures="0" timestamp="14 Feb 2024 15:50:28 GMT" time="8.219" errors="0">
  <testcase name="testing" time="8.219" classname="demo.automationtesting.in.pages.DemoWebsite"/>
</testsuite> <!-- demo.automationtesting.in.pages.DemoWebsite -->
