<?xml version="1.0" encoding="UTF-8"?>
<!-- Generated by org.testng.reporters.JUnitReportReporter -->
<testsuite skipped="0" hostname="DESKTOP-F6J9ALJ" name="demo.automationtesting.in.pages.goibiboDemo" tests="1" failures="0" timestamp="15 Feb 2024 02:30:30 GMT" time="16.702" errors="0">
  <testcase name="testing" time="16.702" classname="demo.automationtesting.in.pages.goibiboDemo"/>
</testsuite> <!-- demo.automationtesting.in.pages.goibiboDemo -->
