<?xml version="1.0" encoding="UTF-8"?>
<!-- Generated by org.testng.reporters.JUnitReportReporter -->
<testsuite skipped="0" hostname="DESKTOP-F6J9ALJ" name="demo.automationtesting.in.util.PropertiesUtils" tests="1" failures="0" timestamp="12 Feb 2024 12:59:40 GMT" time="0.027" errors="0">
  <testcase name="test" time="0.027" classname="demo.automationtesting.in.util.PropertiesUtils"/>
</testsuite> <!-- demo.automationtesting.in.util.PropertiesUtils -->
