<?xml version="1.0" encoding="UTF-8"?>
<!-- Generated by org.testng.reporters.JUnitReportReporter -->
<testsuite skipped="0" hostname="DESKTOP-F6J9ALJ" name="demo.automationtesting.in.base.BaseClass" tests="1" failures="0" timestamp="12 Feb 2024 12:54:45 GMT" time="0.019" errors="0">
  <testcase name="test" time="0.019" classname="demo.automationtesting.in.base.BaseClass"/>
</testsuite> <!-- demo.automationtesting.in.base.BaseClass -->
