<?xml version="1.0" encoding="UTF-8"?>
<!-- Generated by org.testng.reporters.JUnitReportReporter -->
<testsuite skipped="0" hostname="DESKTOP-F6J9ALJ" name="demo.automationtesting.in.pages.RegisterPage" tests="1" failures="0" timestamp="12 Feb 2024 13:01:24 GMT" time="0.019" errors="0">
  <testcase name="test" time="0.019" classname="demo.automationtesting.in.pages.RegisterPage"/>
</testsuite> <!-- demo.automationtesting.in.pages.RegisterPage -->
